<?xml version="1.0" encoding="UTF-8"?>
<robot generator="Robot 5.0.1 (Python 3.10.10 on win32)" generated="20250505 16:54:26.046" rpa="false" schemaversion="3">
<suite id="s1" name="CadastroUsuario" source="C:\Users\lay_n\Desktop\serverestCadastros\Tests\CadastroUsuario.robot">
<kw name="Abrir Browser" library="hooks" type="SETUP">
<kw name="Open Browser" library="SeleniumLibrary">
<arg>https://google.com.br</arg>
<arg>browser=chrome</arg>
<doc>Opens a new browser instance to the optional ``url``.</doc>
<msg timestamp="20250505 16:54:26.606" level="INFO">Opening browser 'chrome' to base url 'https://google.com.br'.</msg>
<status status="PASS" starttime="20250505 16:54:26.605" endtime="20250505 16:54:29.308"/>
</kw>
<kw name="Sleep" library="BuiltIn">
<arg>3s</arg>
<doc>Pauses the test executed for the given time.</doc>
<msg timestamp="20250505 16:54:32.321" level="INFO">Slept 3 seconds</msg>
<status status="PASS" starttime="20250505 16:54:29.309" endtime="20250505 16:54:32.321"/>
</kw>
<kw name="Maximize Browser Window" library="SeleniumLibrary">
<doc>Maximizes current browser window.</doc>
<status status="PASS" starttime="20250505 16:54:32.321" endtime="20250505 16:54:32.350"/>
</kw>
<status status="PASS" starttime="20250505 16:54:26.605" endtime="20250505 16:54:32.350"/>
</kw>
<test id="s1-t1" name="Cadastro de usuario" line="12">
<kw name="Gerar cadastro" library="CadastroUsuario_kw" type="SETUP">
<kw name="Name" library="FakerLibrary">
<var>${NOMEUSUARIO}</var>
<doc>:example 'John Doe'</doc>
<msg timestamp="20250505 16:54:32.352" level="INFO">${NOMEUSUARIO} = Lorena da Mota</msg>
<status status="PASS" starttime="20250505 16:54:32.352" endtime="20250505 16:54:32.352"/>
</kw>
<kw name="Set Global Variable" library="BuiltIn">
<arg>${NOMEUSUARIO}</arg>
<arg>${NOMEUSUARIO}</arg>
<doc>Makes a variable available globally in all tests and suites.</doc>
<msg timestamp="20250505 16:54:32.352" level="INFO">${NOMEUSUARIO} = Lorena da Mota</msg>
<status status="PASS" starttime="20250505 16:54:32.352" endtime="20250505 16:54:32.352"/>
</kw>
<kw name="Email" library="FakerLibrary">
<var>${EMAILUSUARIO}</var>
<msg timestamp="20250505 16:54:32.353" level="INFO">${EMAILUSUARIO} = maria-alicecarvalho@example.com</msg>
<status status="PASS" starttime="20250505 16:54:32.353" endtime="20250505 16:54:32.353"/>
</kw>
<kw name="Set Global Variable" library="BuiltIn">
<arg>${EMAILUSUARIO}</arg>
<arg>$${EMAILUSUARIO}</arg>
<doc>Makes a variable available globally in all tests and suites.</doc>
<msg timestamp="20250505 16:54:32.353" level="INFO">${EMAILUSUARIO} = $maria-alicecarvalho@example.com</msg>
<status status="PASS" starttime="20250505 16:54:32.353" endtime="20250505 16:54:32.353"/>
</kw>
<status status="PASS" starttime="20250505 16:54:32.351" endtime="20250505 16:54:32.353"/>
</kw>
<kw name="Dado que estou na tela inicial" library="CadastroUsuario_kw">
<kw name="Go To" library="SeleniumLibrary">
<arg>${BASE_URL}</arg>
<doc>Navigates the current browser window to the provided ``url``.</doc>
<msg timestamp="20250505 16:54:32.354" level="INFO">Opening url 'https://front.serverest.dev/login'</msg>
<status status="PASS" starttime="20250505 16:54:32.354" endtime="20250505 16:54:33.891"/>
</kw>
<kw name="Wait Until Element Is Visible" library="SeleniumLibrary">
<arg>${VISIBLE_LOGIN}</arg>
<doc>Waits until the element ``locator`` is visible.</doc>
<status status="PASS" starttime="20250505 16:54:33.892" endtime="20250505 16:54:33.912"/>
</kw>
<status status="PASS" starttime="20250505 16:54:32.354" endtime="20250505 16:54:33.913"/>
</kw>
<kw name="E Clico em 'Cadastre-se'" library="CadastroUsuario_kw">
<kw name="Click Element" library="SeleniumLibrary">
<arg>${CADASTRO}</arg>
<doc>Click the element identified by ``locator``.</doc>
<msg timestamp="20250505 16:54:33.914" level="INFO">Clicking element 'xpath=//a[normalize-space()='Cadastre-se']'.</msg>
<status status="PASS" starttime="20250505 16:54:33.914" endtime="20250505 16:54:34.004"/>
</kw>
<status status="PASS" starttime="20250505 16:54:33.913" endtime="20250505 16:54:34.004"/>
</kw>
<kw name="Então deve acessar a tela de cadastro e preencher os dados correspondentes" library="CadastroUsuario_kw">
<kw name="Click Element" library="SeleniumLibrary">
<arg>${INPUT_NOME}</arg>
<doc>Click the element identified by ``locator``.</doc>
<msg timestamp="20250505 16:54:34.005" level="INFO">Clicking element 'xpath=//input[@id='nome']'.</msg>
<status status="PASS" starttime="20250505 16:54:34.005" endtime="20250505 16:54:34.060"/>
</kw>
<kw name="Input Text" library="SeleniumLibrary">
<arg>${INPUT_NOME}</arg>
<arg>${NOMEUSUARIO}</arg>
<doc>Types the given ``text`` into the text field identified by ``locator``.</doc>
<msg timestamp="20250505 16:54:34.061" level="INFO">Typing text 'Lorena da Mota' into text field 'xpath=//input[@id='nome']'.</msg>
<status status="PASS" starttime="20250505 16:54:34.060" endtime="20250505 16:54:34.126"/>
</kw>
<kw name="Input Text" library="SeleniumLibrary">
<arg>${INPUT_EMAIL}</arg>
<arg>${EMAILUSUARIO}</arg>
<doc>Types the given ``text`` into the text field identified by ``locator``.</doc>
<msg timestamp="20250505 16:54:34.127" level="INFO">Typing text '$maria-alicecarvalho@example.com' into text field 'xpath=//input[@id='email']'.</msg>
<status status="PASS" starttime="20250505 16:54:34.126" endtime="20250505 16:54:34.207"/>
</kw>
<kw name="Input Text" library="SeleniumLibrary">
<arg>${INPUT_SENHA}</arg>
<arg>${SENHA}</arg>
<doc>Types the given ``text`` into the text field identified by ``locator``.</doc>
<msg timestamp="20250505 16:54:34.207" level="INFO">Typing text '123456' into text field 'xpath=//input[@id='password']'.</msg>
<status status="PASS" starttime="20250505 16:54:34.207" endtime="20250505 16:54:34.266"/>
</kw>
<kw name="Click Button" library="SeleniumLibrary">
<arg>${BUTTON_CADASTRO}</arg>
<doc>Clicks the button identified by ``locator``.</doc>
<msg timestamp="20250505 16:54:34.266" level="INFO">Clicking button 'xpath=//button[normalize-space()='Cadastrar']'.</msg>
<status status="PASS" starttime="20250505 16:54:34.266" endtime="20250505 16:54:34.325"/>
</kw>
<kw name="Wait Until Element Is Visible" library="SeleniumLibrary">
<arg>${VISIBLE_CADASTROCOMSUCESSO}</arg>
<arg>3s</arg>
<doc>Waits until the element ``locator`` is visible.</doc>
<status status="PASS" starttime="20250505 16:54:34.325" endtime="20250505 16:54:34.986"/>
</kw>
<status status="PASS" starttime="20250505 16:54:34.005" endtime="20250505 16:54:34.986"/>
</kw>
<status status="PASS" starttime="20250505 16:54:32.351" endtime="20250505 16:54:34.987"/>
</test>
<test id="s1-t2" name="Login de usuario" line="18">
<kw name="Dado que estou na tela inicial" library="CadastroUsuario_kw">
<kw name="Go To" library="SeleniumLibrary">
<arg>${BASE_URL}</arg>
<doc>Navigates the current browser window to the provided ``url``.</doc>
<msg timestamp="20250505 16:54:34.988" level="INFO">Opening url 'https://front.serverest.dev/login'</msg>
<status status="PASS" starttime="20250505 16:54:34.988" endtime="20250505 16:54:35.521"/>
</kw>
<kw name="Wait Until Element Is Visible" library="SeleniumLibrary">
<arg>${VISIBLE_LOGIN}</arg>
<doc>Waits until the element ``locator`` is visible.</doc>
<status status="PASS" starttime="20250505 16:54:35.521" endtime="20250505 16:54:35.533"/>
</kw>
<status status="PASS" starttime="20250505 16:54:34.988" endtime="20250505 16:54:35.533"/>
</kw>
<kw name="Preencho os dados do email e senha" library="CadastroUsuario_kw">
<kw name="Click Element" library="SeleniumLibrary">
<arg>${INPUT_EMAIL}</arg>
<doc>Click the element identified by ``locator``.</doc>
<msg timestamp="20250505 16:54:35.534" level="INFO">Clicking element 'xpath=//input[@id='email']'.</msg>
<status status="PASS" starttime="20250505 16:54:35.534" endtime="20250505 16:54:35.596"/>
</kw>
<kw name="Input Text" library="SeleniumLibrary">
<arg>${INPUT_EMAIL}</arg>
<arg>${EMAILUSUARIO}</arg>
<doc>Types the given ``text`` into the text field identified by ``locator``.</doc>
<msg timestamp="20250505 16:54:35.597" level="INFO">Typing text '$maria-alicecarvalho@example.com' into text field 'xpath=//input[@id='email']'.</msg>
<status status="PASS" starttime="20250505 16:54:35.596" endtime="20250505 16:54:35.675"/>
</kw>
<kw name="Input Text" library="SeleniumLibrary">
<arg>${INPUT_SENHA}</arg>
<arg>${SENHA}</arg>
<doc>Types the given ``text`` into the text field identified by ``locator``.</doc>
<msg timestamp="20250505 16:54:35.676" level="INFO">Typing text '123456' into text field 'xpath=//input[@id='password']'.</msg>
<status status="PASS" starttime="20250505 16:54:35.675" endtime="20250505 16:54:35.731"/>
</kw>
<status status="PASS" starttime="20250505 16:54:35.533" endtime="20250505 16:54:35.731"/>
</kw>
<kw name="Então clico em entrar e acesso o site" library="CadastroUsuario_kw">
<kw name="Click Button" library="SeleniumLibrary">
<arg>${BUTTON_LOGIN}</arg>
<doc>Clicks the button identified by ``locator``.</doc>
<msg timestamp="20250505 16:54:35.732" level="INFO">Clicking button 'xpath=//button[normalize-space()='Entrar']'.</msg>
<status status="PASS" starttime="20250505 16:54:35.732" endtime="20250505 16:54:35.791"/>
</kw>
<kw name="Sleep" library="BuiltIn">
<arg>5s</arg>
<doc>Pauses the test executed for the given time.</doc>
<msg timestamp="20250505 16:54:40.800" level="INFO">Slept 5 seconds</msg>
<status status="PASS" starttime="20250505 16:54:35.792" endtime="20250505 16:54:40.800"/>
</kw>
<kw name="Wait Until Page Contains Element" library="SeleniumLibrary">
<arg>${VISIBLESTORE}</arg>
<doc>Waits until the element ``locator`` appears on the current page.</doc>
<status status="PASS" starttime="20250505 16:54:40.800" endtime="20250505 16:54:40.811"/>
</kw>
<status status="PASS" starttime="20250505 16:54:35.731" endtime="20250505 16:54:40.812"/>
</kw>
<status status="PASS" starttime="20250505 16:54:34.987" endtime="20250505 16:54:40.812"/>
</test>
<kw name="Fechar Browser" library="hooks" type="TEARDOWN">
<kw name="Close Browser" library="SeleniumLibrary">
<doc>Closes the current browser.</doc>
<status status="PASS" starttime="20250505 16:54:40.813" endtime="20250505 16:54:43.065"/>
</kw>
<status status="PASS" starttime="20250505 16:54:40.813" endtime="20250505 16:54:43.065"/>
</kw>
<doc>Cadastro de usuario</doc>
<status status="PASS" starttime="20250505 16:54:26.047" endtime="20250505 16:54:43.065"/>
</suite>
<statistics>
<total>
<stat pass="2" fail="0" skip="0">All Tests</stat>
</total>
<tag>
</tag>
<suite>
<stat pass="2" fail="0" skip="0" id="s1" name="CadastroUsuario">CadastroUsuario</stat>
</suite>
</statistics>
<errors>
</errors>
</robot>
